25-Mar-2024 00:00:45.409 信息 [Computer.threadPoolForRemoting [#1]] org.jenkinsci.plugins.scriptsecurity.sandbox.groovy.SandboxResolvingClassLoader.lambda$load$2 took 1,034ms to load/not load com/cloudbees/groovy/cps/impl/CpsCallableInvocationCustomizer.groovy from classLoader hudson.PluginManager$UberClassLoader
25-Mar-2024 00:00:59.292 警告 [Handling GET /jenkins/job/Build/ from 192.168.199.138 : http-nio-8080-exec-8] hudson.init.impl.InstallUncaughtExceptionHandler.handleException null
	javax.servlet.ServletException: org.apache.catalina.connector.ClientAbortException: java.io.IOException: 你的主机中的软件中止了一个已建立的连接。
		at org.kohsuke.stapler.Facet.handleIndexRequest(Facet.java:287)
		at org.kohsuke.stapler.jelly.JellyFacet.handleIndexRequest(JellyFacet.java:104)
		at org.kohsuke.stapler.IndexViewDispatcher.dispatch(IndexViewDispatcher.java:32)
		at org.kohsuke.stapler.Stapler.tryInvoke(Stapler.java:770)
		at org.kohsuke.stapler.Stapler.invoke(Stapler.java:900)
		at org.kohsuke.stapler.Stapler.tryInvoke(Stapler.java:836)
		at org.kohsuke.stapler.Stapler.invoke(Stapler.java:900)
		at org.kohsuke.stapler.MetaClass$4.doDispatch(MetaClass.java:289)
		at org.kohsuke.stapler.NameBasedDispatcher.dispatch(NameBasedDispatcher.java:59)
		at org.kohsuke.stapler.Stapler.tryInvoke(Stapler.java:770)
		at org.kohsuke.stapler.Stapler.invoke(Stapler.java:900)
		at org.kohsuke.stapler.Stapler.invoke(Stapler.java:698)
		at org.kohsuke.stapler.Stapler.service(Stapler.java:248)
		at javax.servlet.http.HttpServlet.service(HttpServlet.java:623)
		at org.apache.catalina.core.ApplicationFilterChain.internalDoFilter(ApplicationFilterChain.java:210)
		at org.apache.catalina.core.ApplicationFilterChain.doFilter(ApplicationFilterChain.java:154)
		at org.apache.tomcat.websocket.server.WsFilter.doFilter(WsFilter.java:51)
		at org.apache.catalina.core.ApplicationFilterChain.internalDoFilter(ApplicationFilterChain.java:179)
		at org.apache.catalina.core.ApplicationFilterChain.doFilter(ApplicationFilterChain.java:154)
		at hudson.util.PluginServletFilter$1.doFilter(PluginServletFilter.java:163)
		at jenkins.util.HttpServletFilter$1.doFilter(HttpServletFilter.java:76)
		at hudson.util.PluginServletFilter$1.doFilter(PluginServletFilter.java:160)
		at hudson.util.PluginServletFilter.doFilter(PluginServletFilter.java:166)
		at org.apache.catalina.core.ApplicationFilterChain.internalDoFilter(ApplicationFilterChain.java:179)
		at org.apache.catalina.core.ApplicationFilterChain.doFilter(ApplicationFilterChain.java:154)
		at jenkins.ErrorAttributeFilter.doFilter(ErrorAttributeFilter.java:29)
		at org.apache.catalina.core.ApplicationFilterChain.internalDoFilter(ApplicationFilterChain.java:179)
		at org.apache.catalina.core.ApplicationFilterChain.doFilter(ApplicationFilterChain.java:154)
		at hudson.security.csrf.CrumbFilter.doFilter(CrumbFilter.java:160)
		at org.apache.catalina.core.ApplicationFilterChain.internalDoFilter(ApplicationFilterChain.java:179)
		at org.apache.catalina.core.ApplicationFilterChain.doFilter(ApplicationFilterChain.java:154)
		at hudson.security.ChainedServletFilter$1.doFilter(ChainedServletFilter.java:94)
		at jenkins.security.AcegiSecurityExceptionFilter.doFilter(AcegiSecurityExceptionFilter.java:52)
		at hudson.security.ChainedServletFilter$1.doFilter(ChainedServletFilter.java:99)
		at hudson.security.UnwrapSecurityExceptionFilter.doFilter(UnwrapSecurityExceptionFilter.java:54)
		at hudson.security.ChainedServletFilter$1.doFilter(ChainedServletFilter.java:99)
		at org.springframework.security.web.access.ExceptionTranslationFilter.doFilter(ExceptionTranslationFilter.java:126)
		at org.springframework.security.web.access.ExceptionTranslationFilter.doFilter(ExceptionTranslationFilter.java:120)
		at hudson.security.ChainedServletFilter$1.doFilter(ChainedServletFilter.java:99)
		at org.springframework.security.web.authentication.AnonymousAuthenticationFilter.doFilter(AnonymousAuthenticationFilter.java:100)
		at hudson.security.ChainedServletFilter$1.doFilter(ChainedServletFilter.java:99)
		at org.springframework.security.web.authentication.rememberme.RememberMeAuthenticationFilter.doFilter(RememberMeAuthenticationFilter.java:110)
		at org.springframework.security.web.authentication.rememberme.RememberMeAuthenticationFilter.doFilter(RememberMeAuthenticationFilter.java:101)
		at hudson.security.ChainedServletFilter$1.doFilter(ChainedServletFilter.java:99)
		at org.springframework.security.web.authentication.AbstractAuthenticationProcessingFilter.doFilter(AbstractAuthenticationProcessingFilter.java:227)
		at org.springframework.security.web.authentication.AbstractAuthenticationProcessingFilter.doFilter(AbstractAuthenticationProcessingFilter.java:221)
		at hudson.security.ChainedServletFilter$1.doFilter(ChainedServletFilter.java:99)
		at jenkins.security.BasicHeaderProcessor.doFilter(BasicHeaderProcessor.java:97)
		at hudson.security.ChainedServletFilter$1.doFilter(ChainedServletFilter.java:99)
		at org.springframework.security.web.context.SecurityContextPersistenceFilter.doFilter(SecurityContextPersistenceFilter.java:117)
		at org.springframework.security.web.context.SecurityContextPersistenceFilter.doFilter(SecurityContextPersistenceFilter.java:87)
		at hudson.security.HttpSessionContextIntegrationFilter2.doFilter(HttpSessionContextIntegrationFilter2.java:63)
		at hudson.security.ChainedServletFilter$1.doFilter(ChainedServletFilter.java:99)
		at hudson.security.ChainedServletFilter.doFilter(ChainedServletFilter.java:111)
		at hudson.security.HudsonFilter.doFilter(HudsonFilter.java:172)
		at org.apache.catalina.core.ApplicationFilterChain.internalDoFilter(ApplicationFilterChain.java:179)
		at org.apache.catalina.core.ApplicationFilterChain.doFilter(ApplicationFilterChain.java:154)
		at org.kohsuke.stapler.compression.CompressionFilter.doFilter(CompressionFilter.java:53)
		at org.apache.catalina.core.ApplicationFilterChain.internalDoFilter(ApplicationFilterChain.java:179)
		at org.apache.catalina.core.ApplicationFilterChain.doFilter(ApplicationFilterChain.java:154)
		at hudson.util.CharacterEncodingFilter.doFilter(CharacterEncodingFilter.java:86)
		at org.apache.catalina.core.ApplicationFilterChain.internalDoFilter(ApplicationFilterChain.java:179)
		at org.apache.catalina.core.ApplicationFilterChain.doFilter(ApplicationFilterChain.java:154)
		at org.kohsuke.stapler.DiagnosticThreadNameFilter.doFilter(DiagnosticThreadNameFilter.java:30)
		at org.apache.catalina.core.ApplicationFilterChain.internalDoFilter(ApplicationFilterChain.java:179)
		at org.apache.catalina.core.ApplicationFilterChain.doFilter(ApplicationFilterChain.java:154)
		at jenkins.security.SuspiciousRequestFilter.doFilter(SuspiciousRequestFilter.java:38)
		at org.apache.catalina.core.ApplicationFilterChain.internalDoFilter(ApplicationFilterChain.java:179)
		at org.apache.catalina.core.ApplicationFilterChain.doFilter(ApplicationFilterChain.java:154)
		at org.apache.catalina.core.StandardWrapperValve.invoke(StandardWrapperValve.java:168)
		at org.apache.catalina.core.StandardContextValve.invoke(StandardContextValve.java:90)
		at org.apache.catalina.authenticator.AuthenticatorBase.invoke(AuthenticatorBase.java:596)
		at org.apache.catalina.core.StandardHostValve.invoke(StandardHostValve.java:130)
		at org.apache.catalina.valves.ErrorReportValve.invoke(ErrorReportValve.java:93)
		at org.apache.catalina.valves.AbstractAccessLogValve.invoke(AbstractAccessLogValve.java:670)
		at org.apache.catalina.core.StandardEngineValve.invoke(StandardEngineValve.java:74)
		at org.apache.catalina.connector.CoyoteAdapter.service(CoyoteAdapter.java:346)
		at org.apache.coyote.http11.Http11Processor.service(Http11Processor.java:390)
		at org.apache.coyote.AbstractProcessorLight.process(AbstractProcessorLight.java:63)
		at org.apache.coyote.AbstractProtocol$ConnectionHandler.process(AbstractProtocol.java:928)
		at org.apache.tomcat.util.net.NioEndpoint$SocketProcessor.doRun(NioEndpoint.java:1786)
		at org.apache.tomcat.util.net.SocketProcessorBase.run(SocketProcessorBase.java:52)
		at org.apache.tomcat.util.threads.ThreadPoolExecutor.runWorker(ThreadPoolExecutor.java:1191)
		at org.apache.tomcat.util.threads.ThreadPoolExecutor$Worker.run(ThreadPoolExecutor.java:659)
		at org.apache.tomcat.util.threads.TaskThread$WrappingRunnable.run(TaskThread.java:63)
		at java.base/java.lang.Thread.run(Thread.java:1570)
	Caused by: org.apache.catalina.connector.ClientAbortException: java.io.IOException: 你的主机中的软件中止了一个已建立的连接。
		at org.apache.catalina.connector.OutputBuffer.realWriteBytes(OutputBuffer.java:345)
		at org.apache.catalina.connector.OutputBuffer.flushByteBuffer(OutputBuffer.java:780)
		at org.apache.catalina.connector.OutputBuffer.append(OutputBuffer.java:677)
		at org.apache.catalina.connector.OutputBuffer.writeBytes(OutputBuffer.java:380)
		at org.apache.catalina.connector.OutputBuffer.write(OutputBuffer.java:358)
		at org.apache.catalina.connector.CoyoteOutputStream.write(CoyoteOutputStream.java:103)
		at com.jcraft.jzlib.DeflaterOutputStream.deflate(DeflaterOutputStream.java:144)
		at com.jcraft.jzlib.DeflaterOutputStream.finish(DeflaterOutputStream.java:111)
		at com.jcraft.jzlib.DeflaterOutputStream.close(DeflaterOutputStream.java:117)
		at org.kohsuke.stapler.compression.FilterServletOutputStream.close(FilterServletOutputStream.java:46)
		at org.springframework.security.web.util.OnCommittedResponseWrapper$SaveContextServletOutputStream.close(OnCommittedResponseWrapper.java:529)
		at org.kohsuke.stapler.jelly.DefaultScriptInvoker$1.close(DefaultScriptInvoker.java:148)
		at java.base/sun.nio.cs.StreamEncoder.implClose(StreamEncoder.java:413)
		at java.base/sun.nio.cs.StreamEncoder.lockedClose(StreamEncoder.java:231)
		at java.base/sun.nio.cs.StreamEncoder.close(StreamEncoder.java:216)
		at java.base/java.io.OutputStreamWriter.close(OutputStreamWriter.java:264)
		at java.base/java.io.BufferedWriter.implClose(BufferedWriter.java:398)
		at java.base/java.io.BufferedWriter.close(BufferedWriter.java:380)
		at org.dom4j.io.XMLWriter.close(XMLWriter.java:285)
		at org.kohsuke.stapler.jelly.HTMLWriterOutput.close(HTMLWriterOutput.java:75)
		at org.kohsuke.stapler.jelly.DefaultScriptInvoker.invokeScript(DefaultScriptInvoker.java:58)
		at org.kohsuke.stapler.jelly.ScriptInvoker.execute(ScriptInvoker.java:56)
		at org.kohsuke.stapler.jelly.ScriptInvoker.execute(ScriptInvoker.java:43)
		at org.kohsuke.stapler.Facet.handleIndexRequest(Facet.java:284)
		... 85 more
	Caused by: java.io.IOException: 你的主机中的软件中止了一个已建立的连接。
		at java.base/sun.nio.ch.SocketDispatcher.write0(Native Method)
		at java.base/sun.nio.ch.SocketDispatcher.write(SocketDispatcher.java:54)
		at java.base/sun.nio.ch.IOUtil.writeFromNativeBuffer(IOUtil.java:137)
		at java.base/sun.nio.ch.IOUtil.write(IOUtil.java:102)
		at java.base/sun.nio.ch.IOUtil.write(IOUtil.java:58)
		at java.base/sun.nio.ch.SocketChannelImpl.implWrite(SocketChannelImpl.java:566)
		at java.base/sun.nio.ch.SocketChannelImpl.write(SocketChannelImpl.java:618)
		at org.apache.tomcat.util.net.NioChannel.write(NioChannel.java:136)
		at org.apache.tomcat.util.net.NioEndpoint$NioSocketWrapper.doWrite(NioEndpoint.java:1423)
		at org.apache.tomcat.util.net.SocketWrapperBase.doWrite(SocketWrapperBase.java:775)
		at org.apache.tomcat.util.net.SocketWrapperBase.writeBlocking(SocketWrapperBase.java:600)
		at org.apache.tomcat.util.net.SocketWrapperBase.write(SocketWrapperBase.java:544)
		at org.apache.coyote.http11.Http11OutputBuffer$SocketOutputBuffer.doWrite(Http11OutputBuffer.java:540)
		at org.apache.coyote.http11.filters.ChunkedOutputFilter.doWrite(ChunkedOutputFilter.java:112)
		at org.apache.coyote.http11.Http11OutputBuffer.doWrite(Http11OutputBuffer.java:193)
		at org.apache.coyote.Response.doWrite(Response.java:608)
		at org.apache.catalina.connector.OutputBuffer.realWriteBytes(OutputBuffer.java:333)
		... 108 more
25-Mar-2024 00:01:23.904 警告 [Running CpsFlowExecution[Owner[Build/master/1:Build/master #1]]] org.jenkinsci.plugins.workflow.cps.CpsThreadGroup.run Stale closures in CpsFlowExecution[Owner[Build/master/1:Build/master #1]]: [33, 21, 30]
25-Mar-2024 00:02:07.589 信息 [Running CpsFlowExecution[Owner[Build/master/1:Build/master #1]]] jenkins.branch.WorkspaceLocatorImpl$Deleter$CleanupTask.run deleting obsolete workspace E:\tomcat\jenkins\workspace\Build_master on master
